[debug] [2022-09-26T04:42:50.765Z] ----------------------------------------------------------------------
[debug] [2022-09-26T04:42:50.766Z] Command:       C:\Program Files\nodejs\node.exe C:\Users\thesk\AppData\Roaming\npm\node_modules\firebase-tools\lib\bin\firebase.js init
[debug] [2022-09-26T04:42:50.766Z] CLI Version:   11.10.0
[debug] [2022-09-26T04:42:50.766Z] Platform:      win32
[debug] [2022-09-26T04:42:50.767Z] Node Version:  v16.15.0
[debug] [2022-09-26T04:42:50.767Z] Time:          Sun Sep 25 2022 23:42:50 GMT-0500 (Central Daylight Time)
[debug] [2022-09-26T04:42:50.767Z] ----------------------------------------------------------------------
[debug] 
[debug] [2022-09-26T04:42:50.774Z] > command requires scopes: ["email","openid","https://www.googleapis.com/auth/cloudplatformprojects.readonly","https://www.googleapis.com/auth/firebase","https://www.googleapis.com/auth/cloud-platform"]
[debug] [2022-09-26T04:42:50.774Z] > authorizing via signed-in user (theskyriser@gmail.com)
[info] 
     ######## #### ########  ######## ########     ###     ######  ########
     ##        ##  ##     ## ##       ##     ##  ##   ##  ##       ##
     ######    ##  ########  ######   ########  #########  ######  ######
     ##        ##  ##    ##  ##       ##     ## ##     ##       ## ##
     ##       #### ##     ## ######## ########  ##     ##  ######  ########

You're about to initialize a Firebase project in this directory:

  C:\Users\thesk\OneDrive\Desktop\CODE\School_App\SchoolApp

[info] 
=== Project Setup
[info] 
[info] First, let's associate this project directory with a Firebase project.
[info] You can create multiple project aliases by running firebase use --add, 
[info] but for now we'll just set up a default project.
[info] 
[debug] [2022-09-26T04:42:55.019Z] >>> [apiv2][query] GET https://firebase.googleapis.com/v1beta1/projects pageSize=100
[debug] [2022-09-26T04:42:55.378Z] <<< [apiv2][status] GET https://firebase.googleapis.com/v1beta1/projects 200
[debug] [2022-09-26T04:42:55.378Z] <<< [apiv2][body] GET https://firebase.googleapis.com/v1beta1/projects [omitted]
[info] i  Using project english-from-england-cms (English From England CMS) 
[info] 
=== Hosting Setup
[info] 
[info] Your public directory is the folder (relative to your project directory) that
[info] will contain Hosting assets to be uploaded with firebase deploy. If you
[info] have a build process for your assets, use your build's output directory.
[info] 
[info] +  Wrote public/404.html 
[debug] [2022-09-26T04:43:29.666Z] >>> [apiv2][query] GET https://www.gstatic.com/firebasejs/releases.json [none]
[debug] [2022-09-26T04:43:29.764Z] <<< [apiv2][status] GET https://www.gstatic.com/firebasejs/releases.json 200
[debug] [2022-09-26T04:43:29.764Z] <<< [apiv2][body] GET https://www.gstatic.com/firebasejs/releases.json {"current":{"version":"9.10.0","browserURL":"https://www.gstatic.com/firebasejs/9.10.0/firebase.js","packageURL":"https://www.gstatic.com/firebasejs/9.10.0/firebase.tgz"},"live":{"version":"9.10","browserURL":"https://www.gstatic.com/firebasejs/live/9.10/firebase.js","packageURL":"https://www.gstatic.com/firebasejs/live/9.10/firebase.tgz"},"components":{"analytics":"https://www.gstatic.com/firebasejs/9.10.0/firebase-analytics.js","app":"https://www.gstatic.com/firebasejs/9.10.0/firebase-app.js","app-check":"https://www.gstatic.com/firebasejs/9.10.0/firebase-app-check.js","auth":"https://www.gstatic.com/firebasejs/9.10.0/firebase-auth.js","auth/cordova":"https://www.gstatic.com/firebasejs/9.10.0/firebase-auth/cordova.js","auth/react-native":"https://www.gstatic.com/firebasejs/9.10.0/firebase-auth/react-native.js","functions":"https://www.gstatic.com/firebasejs/9.10.0/firebase-functions.js","firestore":"https://www.gstatic.com/firebasejs/9.10.0/firebase-firestore.js","firestore/lite":"https://www.gstatic.com/firebasejs/9.10.0/firebase-firestore/lite.js","installations":"https://www.gstatic.com/firebasejs/9.10.0/firebase-installations.js","storage":"https://www.gstatic.com/firebasejs/9.10.0/firebase-storage.js","performance":"https://www.gstatic.com/firebasejs/9.10.0/firebase-performance.js","remote-config":"https://www.gstatic.com/firebasejs/9.10.0/firebase-remote-config.js","messaging":"https://www.gstatic.com/firebasejs/9.10.0/firebase-messaging.js","messaging/sw":"https://www.gstatic.com/firebasejs/9.10.0/firebase-messaging/sw.js","database":"https://www.gstatic.com/firebasejs/9.10.0/firebase-database.js","firestore.memory":"https://www.gstatic.com/firebasejs/9.10.0/firebase-firestore.memory.js"}}
[info] i  Skipping write of public/index.html 
[info] 
[info] i  Detected a .git folder at C:\Users\thesk 
[info] i  Authorizing with GitHub to upload your service account to a GitHub repository's secrets store. 
[info] 
[info] Visit this URL on this device to log in:
[info] https://github.com/login/oauth/authorize?client_id=89cf50f02ac6aaed3484&state=484438106&redirect_uri=http%3A%2F%2Flocalhost%3A9005&scope=read%3Auser%20repo%20public_repo
[info] 
[info] Waiting for authentication...
[debug] [2022-09-26T04:45:34.057Z] >>> [apiv2][query] POST https://github.com/login/oauth/access_token [none]
[debug] [2022-09-26T04:45:34.057Z] >>> [apiv2][body] POST https://github.com/login/oauth/access_token [stream]
[debug] [2022-09-26T04:45:34.369Z] <<< [apiv2][status] POST https://github.com/login/oauth/access_token 200
[debug] [2022-09-26T04:45:34.370Z] <<< [apiv2][body] POST https://github.com/login/oauth/access_token {"access_token":"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","token_type":"bearer","scope":"read:user,repo"}
[debug] [2022-09-26T04:45:34.374Z] >>> [apiv2][query] GET https://api.github.com/user [none]
[debug] [2022-09-26T04:45:34.662Z] <<< [apiv2][status] GET https://api.github.com/user 200
[debug] [2022-09-26T04:45:34.662Z] <<< [apiv2][body] GET https://api.github.com/user {"login":"jacob-woodcock","id":113872497,"node_id":"U_kgDOBsmOcQ","avatar_url":"https://avatars.githubusercontent.com/u/113872497?v=4","gravatar_id":"","url":"https://api.github.com/users/jacob-woodcock","html_url":"https://github.com/jacob-woodcock","followers_url":"https://api.github.com/users/jacob-woodcock/followers","following_url":"https://api.github.com/users/jacob-woodcock/following{/other_user}","gists_url":"https://api.github.com/users/jacob-woodcock/gists{/gist_id}","starred_url":"https://api.github.com/users/jacob-woodcock/starred{/owner}{/repo}","subscriptions_url":"https://api.github.com/users/jacob-woodcock/subscriptions","organizations_url":"https://api.github.com/users/jacob-woodcock/orgs","repos_url":"https://api.github.com/users/jacob-woodcock/repos","events_url":"https://api.github.com/users/jacob-woodcock/events{/privacy}","received_events_url":"https://api.github.com/users/jacob-woodcock/received_events","type":"User","site_admin":false,"name":null,"company":null,"blog":"","location":null,"email":null,"hireable":null,"bio":null,"twitter_username":null,"public_repos":0,"public_gists":0,"followers":0,"following":0,"created_at":"2022-09-19T03:02:29Z","updated_at":"2022-09-26T04:45:28Z","private_gists":0,"total_private_repos":0,"owned_private_repos":0,"disk_usage":0,"collaborators":0,"two_factor_authentication":false,"plan":{"name":"free","space":976562499,"collaborators":0,"private_repos":10000}}
[info] 
[info] +  Success! Logged into GitHub as jacob-woodcock 
[info] 
[debug] [2022-09-26T04:46:49.118Z] >>> [apiv2][query] GET https://api.github.com/repos/jacob-woodcock/eofoecms/actions/secrets/public-key type=owner
[debug] [2022-09-26T04:46:49.383Z] <<< [apiv2][status] GET https://api.github.com/repos/jacob-woodcock/eofoecms/actions/secrets/public-key 404
[debug] [2022-09-26T04:46:49.383Z] <<< [apiv2][body] GET https://api.github.com/repos/jacob-woodcock/eofoecms/actions/secrets/public-key {"message":"Not Found","documentation_url":"https://docs.github.com/rest/reference/actions#get-a-repository-public-key"}
[debug] [2022-09-26T04:46:52.567Z] >>> [apiv2][query] GET https://api.github.com/repos/jacob-woodcock/eofoecms/actions/secrets/public-key type=owner
[debug] [2022-09-26T04:46:52.825Z] <<< [apiv2][status] GET https://api.github.com/repos/jacob-woodcock/eofoecms/actions/secrets/public-key 404
[debug] [2022-09-26T04:46:52.825Z] <<< [apiv2][body] GET https://api.github.com/repos/jacob-woodcock/eofoecms/actions/secrets/public-key {"message":"Not Found","documentation_url":"https://docs.github.com/rest/reference/actions#get-a-repository-public-key"}
[debug] [2022-09-26T04:46:53.560Z] >>> [apiv2][query] GET https://api.github.com/repos/jacob-woodcock/eofoecms/actions/secrets/public-key type=owner
[debug] [2022-09-26T04:46:53.817Z] <<< [apiv2][status] GET https://api.github.com/repos/jacob-woodcock/eofoecms/actions/secrets/public-key 404
[debug] [2022-09-26T04:46:53.817Z] <<< [apiv2][body] GET https://api.github.com/repos/jacob-woodcock/eofoecms/actions/secrets/public-key {"message":"Not Found","documentation_url":"https://docs.github.com/rest/reference/actions#get-a-repository-public-key"}
[debug] [2022-09-26T04:46:54.136Z] >>> [apiv2][query] GET https://api.github.com/repos/jacob-woodcock/eofoecms/actions/secrets/public-key type=owner
[debug] [2022-09-26T04:46:54.390Z] <<< [apiv2][status] GET https://api.github.com/repos/jacob-woodcock/eofoecms/actions/secrets/public-key 404
[debug] [2022-09-26T04:46:54.391Z] <<< [apiv2][body] GET https://api.github.com/repos/jacob-woodcock/eofoecms/actions/secrets/public-key {"message":"Not Found","documentation_url":"https://docs.github.com/rest/reference/actions#get-a-repository-public-key"}
[debug] [2022-09-26T04:47:17.302Z] >>> [apiv2][query] GET https://api.github.com/repos/jacob-woodcock/eofoecms/actions/secrets/public-key type=owner
[debug] [2022-09-26T04:47:17.565Z] <<< [apiv2][status] GET https://api.github.com/repos/jacob-woodcock/eofoecms/actions/secrets/public-key 404
[debug] [2022-09-26T04:47:17.565Z] <<< [apiv2][body] GET https://api.github.com/repos/jacob-woodcock/eofoecms/actions/secrets/public-key {"message":"Not Found","documentation_url":"https://docs.github.com/rest/reference/actions#get-a-repository-public-key"}
